Determining if the pthread_create exist failed with the following output:
Change Dir: /home/slilylsu/Desktop/project-repo/Beignet_build/release/CMakeFiles/CMakeTmp

Run Build Command:/usr/bin/make "cmTryCompileExec277199590/fast"
/usr/bin/make -f CMakeFiles/cmTryCompileExec277199590.dir/build.make CMakeFiles/cmTryCompileExec277199590.dir/build
make[1]: Entering directory `/home/slilylsu/Desktop/project-repo/Beignet_build/release/CMakeFiles/CMakeTmp'
/usr/bin/cmake -E cmake_progress_report /home/slilylsu/Desktop/project-repo/Beignet_build/release/CMakeFiles/CMakeTmp/CMakeFiles 1
Building C object CMakeFiles/cmTryCompileExec277199590.dir/CheckSymbolExists.c.o
/usr/bin/cc   -Wall -mfpmath=sse -msse2 -Wcast-align -msse2 -msse3 -mssse3 -msse4.1     -o CMakeFiles/cmTryCompileExec277199590.dir/CheckSymbolExists.c.o   -c /home/slilylsu/Desktop/project-repo/Beignet_build/release/CMakeFiles/CMakeTmp/CheckSymbolExists.c
Linking C executable cmTryCompileExec277199590
/usr/bin/cmake -E cmake_link_script CMakeFiles/cmTryCompileExec277199590.dir/link.txt --verbose=1
/usr/bin/cc  -Wall -mfpmath=sse -msse2 -Wcast-align -msse2 -msse3 -mssse3 -msse4.1      CMakeFiles/cmTryCompileExec277199590.dir/CheckSymbolExists.c.o  -o cmTryCompileExec277199590 -rdynamic 
CMakeFiles/cmTryCompileExec277199590.dir/CheckSymbolExists.c.o: In function `main':
CheckSymbolExists.c:(.text+0x16): undefined reference to `pthread_create'
collect2: error: ld returned 1 exit status
make[1]: Leaving directory `/home/slilylsu/Desktop/project-repo/Beignet_build/release/CMakeFiles/CMakeTmp'
make[1]: *** [cmTryCompileExec277199590] Error 1
make: *** [cmTryCompileExec277199590/fast] Error 2

File /home/slilylsu/Desktop/project-repo/Beignet_build/release/CMakeFiles/CMakeTmp/CheckSymbolExists.c:
/* */
#include <pthread.h>

int main(int argc, char** argv)
{
  (void)argv;
#ifndef pthread_create
  return ((int*)(&pthread_create))[argc];
#else
  (void)argc;
  return 0;
#endif
}

Determining if the function pthread_create exists in the pthreads failed with the following output:
Change Dir: /home/slilylsu/Desktop/project-repo/Beignet_build/release/CMakeFiles/CMakeTmp

Run Build Command:/usr/bin/make "cmTryCompileExec2267157239/fast"
/usr/bin/make -f CMakeFiles/cmTryCompileExec2267157239.dir/build.make CMakeFiles/cmTryCompileExec2267157239.dir/build
make[1]: Entering directory `/home/slilylsu/Desktop/project-repo/Beignet_build/release/CMakeFiles/CMakeTmp'
/usr/bin/cmake -E cmake_progress_report /home/slilylsu/Desktop/project-repo/Beignet_build/release/CMakeFiles/CMakeTmp/CMakeFiles 1
Building C object CMakeFiles/cmTryCompileExec2267157239.dir/CheckFunctionExists.c.o
/usr/bin/cc   -Wall -mfpmath=sse -msse2 -Wcast-align -msse2 -msse3 -mssse3 -msse4.1  -DCHECK_FUNCTION_EXISTS=pthread_create   -o CMakeFiles/cmTryCompileExec2267157239.dir/CheckFunctionExists.c.o   -c /usr/share/cmake-2.8/Modules/CheckFunctionExists.c
Linking C executable cmTryCompileExec2267157239
/usr/bin/cmake -E cmake_link_script CMakeFiles/cmTryCompileExec2267157239.dir/link.txt --verbose=1
/usr/bin/cc  -Wall -mfpmath=sse -msse2 -Wcast-align -msse2 -msse3 -mssse3 -msse4.1  -DCHECK_FUNCTION_EXISTS=pthread_create    CMakeFiles/cmTryCompileExec2267157239.dir/CheckFunctionExists.c.o  -o cmTryCompileExec2267157239 -rdynamic -lpthreads 
/usr/bin/ld: cannot find -lpthreads
collect2: error: ld returned 1 exit status
make[1]: *** [cmTryCompileExec2267157239] Error 1
make[1]: Leaving directory `/home/slilylsu/Desktop/project-repo/Beignet_build/release/CMakeFiles/CMakeTmp'
make: *** [cmTryCompileExec2267157239/fast] Error 2


